<?xml version="1.0" encoding="UTF-8"?>
<testng-results ignored="0" total="1" passed="1" failed="0" skipped="0">
  <reporter-output>
  </reporter-output>
  <suite started-at="2025-09-26T13:37:39 IST" name="Default suite" finished-at="2025-09-26T13:38:10 IST" duration-ms="30979">
    <groups>
    </groups>
    <test started-at="2025-09-26T13:37:39 IST" name="Default test" finished-at="2025-09-26T13:38:10 IST" duration-ms="30979">
      <class name="testLayer.LoginPageTest">
        <test-method is-config="true" signature="setUp()[pri:0, instance:testLayer.LoginPageTest@72967906]" started-at="2025-09-26T13:37:39 IST" name="setUp" finished-at="2025-09-26T13:38:04 IST" duration-ms="25146" status="PASS">
          <reporter-output>
          </reporter-output>
        </test-method> <!-- setUp -->
        <test-method signature="validateLoginPageFunctionality()[pri:0, instance:testLayer.LoginPageTest@72967906]" started-at="2025-09-26T13:38:04 IST" name="validateLoginPageFunctionality" finished-at="2025-09-26T13:38:05 IST" duration-ms="908" status="PASS">
          <reporter-output>
          </reporter-output>
        </test-method> <!-- validateLoginPageFunctionality -->
        <test-method is-config="true" signature="tearDown()[pri:0, instance:testLayer.LoginPageTest@72967906]" started-at="2025-09-26T13:38:05 IST" name="tearDown" finished-at="2025-09-26T13:38:10 IST" duration-ms="4842" status="PASS">
          <reporter-output>
          </reporter-output>
        </test-method> <!-- tearDown -->
      </class> <!-- testLayer.LoginPageTest -->
    </test> <!-- Default test -->
  </suite> <!-- Default suite -->
</testng-results>
