<?xml version="1.0" encoding="UTF-8"?>
<testng-results ignored="0" total="2" passed="2" failed="0" skipped="0">
  <reporter-output>
  </reporter-output>
  <suite started-at="2025-09-26T16:00:24 IST" name="Default suite" finished-at="2025-09-26T16:00:43 IST" duration-ms="19434">
    <groups>
    </groups>
    <test started-at="2025-09-26T16:00:24 IST" name="Default test" finished-at="2025-09-26T16:00:43 IST" duration-ms="19434">
      <class name="testLayer.LoginPageTest">
        <test-method is-config="true" signature="setUp()[pri:0, instance:testLayer.LoginPageTest@799f10e1]" started-at="2025-09-26T16:00:24 IST" name="setUp" finished-at="2025-09-26T16:00:35 IST" duration-ms="10965" status="PASS">
          <reporter-output>
          </reporter-output>
        </test-method> <!-- setUp -->
        <test-method signature="validateLoginPageFunctionality()[pri:0, instance:testLayer.LoginPageTest@799f10e1]" started-at="2025-09-26T16:00:35 IST" name="validateLoginPageFunctionality" finished-at="2025-09-26T16:00:36 IST" duration-ms="768" status="PASS">
          <reporter-output>
          </reporter-output>
        </test-method> <!-- validateLoginPageFunctionality -->
        <test-method signature="validatePimPageFunctionality()[pri:0, instance:testLayer.LoginPageTest@799f10e1]" started-at="2025-09-26T16:00:36 IST" name="validatePimPageFunctionality" finished-at="2025-09-26T16:00:39 IST" duration-ms="3029" status="PASS">
          <reporter-output>
          </reporter-output>
        </test-method> <!-- validatePimPageFunctionality -->
        <test-method is-config="true" signature="tearDown()[pri:0, instance:testLayer.LoginPageTest@799f10e1]" started-at="2025-09-26T16:00:39 IST" name="tearDown" finished-at="2025-09-26T16:00:43 IST" duration-ms="4642" status="PASS">
          <reporter-output>
          </reporter-output>
        </test-method> <!-- tearDown -->
      </class> <!-- testLayer.LoginPageTest -->
    </test> <!-- Default test -->
  </suite> <!-- Default suite -->
</testng-results>
